This is pdfTeX, Version 3.14159265-2.6-1.40.21 (TeX Live 2020) (preloaded format=pdflatex 2020.4.7)  21 OCT 2022 15:18
entering extended mode
 restricted \write18 enabled.
 file:line:error style messages enabled.
 %&-line parsing enabled.
**main_bgmc.tex
(./main_bgmc.tex
LaTeX2e <2020-02-02> patch level 5
L3 programming layer <2020-03-06>
(/usr/local/texlive/2020/texmf-dist/tex/latex/elsarticle/elsarticle.cls
Document Class: elsarticle 2019/02/25, 3.2: Elsevier Ltd
\@bls=\dimen134
(/usr/local/texlive/2020/texmf-dist/tex/latex/base/article.cls
Document Class: article 2019/12/20 v1.4l Standard LaTeX document class
(/usr/local/texlive/2020/texmf-dist/tex/latex/base/size10.clo
File: size10.clo 2019/12/20 v1.4l Standard LaTeX file (size option)
)
\c@part=\count167
\c@section=\count168
\c@subsection=\count169
\c@subsubsection=\count170
\c@paragraph=\count171
\c@subparagraph=\count172
\c@figure=\count173
\c@table=\count174
\abovecaptionskip=\skip47
\belowcaptionskip=\skip48
\bibindent=\dimen135
)
(/usr/local/texlive/2020/texmf-dist/tex/latex/graphics/graphicx.sty
Package: graphicx 2019/11/30 v1.2a Enhanced LaTeX Graphics (DPC,SPQR)

(/usr/local/texlive/2020/texmf-dist/tex/latex/graphics/keyval.sty
Package: keyval 2014/10/28 v1.15 key=value parser (DPC)
\KV@toks@=\toks15
)
(/usr/local/texlive/2020/texmf-dist/tex/latex/graphics/graphics.sty
Package: graphics 2019/11/30 v1.4a Standard LaTeX Graphics (DPC,SPQR)

(/usr/local/texlive/2020/texmf-dist/tex/latex/graphics/trig.sty
Package: trig 2016/01/03 v1.10 sin cos tan (DPC)
)
(/usr/local/texlive/2020/texmf-dist/tex/latex/graphics-cfg/graphics.cfg
File: graphics.cfg 2016/06/04 v1.11 sample graphics configuration
)
Package graphics Info: Driver file: pdftex.def on input line 105.

(/usr/local/texlive/2020/texmf-dist/tex/latex/graphics-def/pdftex.def
File: pdftex.def 2018/01/08 v1.0l Graphics/color driver for pdftex
))
\Gin@req@height=\dimen136
\Gin@req@width=\dimen137
)
\c@tnote=\count175
\c@fnote=\count176
\c@cnote=\count177
\c@ead=\count178
\c@author=\count179
\@eadauthor=\toks16
\c@affn=\count180
\absbox=\box45
\elsarticlehighlightsbox=\box46
\elsarticlegrabsbox=\box47
\keybox=\box48
\Columnwidth=\dimen138
\space@left=\dimen139
\els@boxa=\box49
\els@boxb=\box50
\leftMargin=\dimen140
\@enLab=\toks17
\@sep=\skip49
\@@sep=\skip50

(./main_bgmc.spl)
(/usr/local/texlive/2020/texmf-dist/tex/latex/natbib/natbib.sty
Package: natbib 2010/09/13 8.31b (PWD, AO)
\bibhang=\skip51
\bibsep=\skip52
LaTeX Info: Redefining \cite on input line 694.
\c@NAT@ctr=\count181
)
\splwrite=\write3
\openout3 = `main_bgmc.spl'.


(/usr/local/texlive/2020/texmf-dist/tex/latex/geometry/geometry.sty
Package: geometry 2020/01/02 v5.9 Page Geometry

(/usr/local/texlive/2020/texmf-dist/tex/generic/iftex/ifvtex.sty
Package: ifvtex 2019/10/25 v1.7 ifvtex legacy package. Use iftex instead.

(/usr/local/texlive/2020/texmf-dist/tex/generic/iftex/iftex.sty
Package: iftex 2020/03/06 v1.0d TeX engine tests
))
\Gm@cnth=\count182
\Gm@cntv=\count183
\c@Gm@tempcnt=\count184
\Gm@bindingoffset=\dimen141
\Gm@wd@mp=\dimen142
\Gm@odd@mp=\dimen143
\Gm@even@mp=\dimen144
\Gm@layoutwidth=\dimen145
\Gm@layoutheight=\dimen146
\Gm@layouthoffset=\dimen147
\Gm@layoutvoffset=\dimen148
\Gm@dimlist=\toks18
)
(/usr/local/texlive/2020/texmf-dist/tex/latex/base/fleqn.clo
File: fleqn.clo 2016/12/29 v1.2b Standard LaTeX option (flush left equations)
\mathindent=\dimen149
Applying: [2015/01/01] Make \[ robust on input line 50.
LaTeX Info: Redefining \[ on input line 51.
Already applied: [0000/00/00] Make \[ robust on input line 62.
Applying: [2015/01/01] Make \] robust on input line 74.
LaTeX Info: Redefining \] on input line 75.
Already applied: [0000/00/00] Make \] robust on input line 83.
)
\appnamewidth=\dimen150
)
(../../rBed_00/_latex_bib/_preambles/preamble_elsarticle.tex
(/usr/local/texlive/2020/texmf-dist/tex/latex/lineno/lineno.sty
Package: lineno 2005/11/02 line numbers on paragraphs v4.41
\linenopenalty=\count185
\output=\toks19
\linenoprevgraf=\count186
\linenumbersep=\dimen151
\linenumberwidth=\dimen152
\c@linenumber=\count187
\c@pagewiselinenumber=\count188
\c@LN@truepage=\count189
\c@internallinenumber=\count190
\c@internallinenumbers=\count191
\quotelinenumbersep=\dimen153
\bframerule=\dimen154
\bframesep=\dimen155
\bframebox=\box51
LaTeX Info: Redefining \\ on input line 3056.
)
(/usr/local/texlive/2020/texmf-dist/tex/latex/hyperref/hyperref.sty
Package: hyperref 2020/01/14 v7.00d Hypertext links for LaTeX

(/usr/local/texlive/2020/texmf-dist/tex/generic/ltxcmds/ltxcmds.sty
Package: ltxcmds 2019/12/15 v1.24 LaTeX kernel commands for general use (HO)
)
(/usr/local/texlive/2020/texmf-dist/tex/latex/pdftexcmds/pdftexcmds.sty
Package: pdftexcmds 2019/11/24 v0.31 Utility functions of pdfTeX for LuaTeX (HO
)

(/usr/local/texlive/2020/texmf-dist/tex/generic/infwarerr/infwarerr.sty
Package: infwarerr 2019/12/03 v1.5 Providing info/warning/error messages (HO)
)
Package pdftexcmds Info: \pdf@primitive is available.
Package pdftexcmds Info: \pdf@ifprimitive is available.
Package pdftexcmds Info: \pdfdraftmode found.
)
(/usr/local/texlive/2020/texmf-dist/tex/generic/kvsetkeys/kvsetkeys.sty
Package: kvsetkeys 2019/12/15 v1.18 Key value parser (HO)
)
(/usr/local/texlive/2020/texmf-dist/tex/generic/kvdefinekeys/kvdefinekeys.sty
Package: kvdefinekeys 2019-12-19 v1.6 Define keys (HO)
)
(/usr/local/texlive/2020/texmf-dist/tex/generic/pdfescape/pdfescape.sty
Package: pdfescape 2019/12/09 v1.15 Implements pdfTeX's escape features (HO)
)
(/usr/local/texlive/2020/texmf-dist/tex/latex/hycolor/hycolor.sty
Package: hycolor 2020-01-27 v1.10 Color options for hyperref/bookmark (HO)
)
(/usr/local/texlive/2020/texmf-dist/tex/latex/letltxmacro/letltxmacro.sty
Package: letltxmacro 2019/12/03 v1.6 Let assignment for LaTeX macros (HO)
)
(/usr/local/texlive/2020/texmf-dist/tex/latex/auxhook/auxhook.sty
Package: auxhook 2019-12-17 v1.6 Hooks for auxiliary files (HO)
)
(/usr/local/texlive/2020/texmf-dist/tex/latex/kvoptions/kvoptions.sty
Package: kvoptions 2019/11/29 v3.13 Key value format for package options (HO)
)
\@linkdim=\dimen156
\Hy@linkcounter=\count192
\Hy@pagecounter=\count193

(/usr/local/texlive/2020/texmf-dist/tex/latex/hyperref/pd1enc.def
File: pd1enc.def 2020/01/14 v7.00d Hyperref: PDFDocEncoding definition (HO)
Now handling font encoding PD1 ...
... no UTF-8 mapping file for font encoding PD1
)
(/usr/local/texlive/2020/texmf-dist/tex/generic/intcalc/intcalc.sty
Package: intcalc 2019/12/15 v1.3 Expandable calculations with integers (HO)
)
(/usr/local/texlive/2020/texmf-dist/tex/generic/etexcmds/etexcmds.sty
Package: etexcmds 2019/12/15 v1.7 Avoid name clashes with e-TeX commands (HO)
)
\Hy@SavedSpaceFactor=\count194
Package hyperref Info: Option `final' set `true' on input line 4421.
Package hyperref Info: Hyper figures OFF on input line 4547.
Package hyperref Info: Link nesting OFF on input line 4552.
Package hyperref Info: Hyper index ON on input line 4555.
Package hyperref Info: Plain pages OFF on input line 4562.
Package hyperref Info: Backreferencing OFF on input line 4567.
Package hyperref Info: Implicit mode ON; LaTeX internals redefined.
Package hyperref Info: Bookmarks ON on input line 4800.
\c@Hy@tempcnt=\count195

(/usr/local/texlive/2020/texmf-dist/tex/latex/url/url.sty
\Urlmuskip=\muskip16
Package: url 2013/09/16  ver 3.4  Verb mode for urls, etc.
)
LaTeX Info: Redefining \url on input line 5159.
\XeTeXLinkMargin=\dimen157

(/usr/local/texlive/2020/texmf-dist/tex/generic/bitset/bitset.sty
Package: bitset 2019/12/09 v1.3 Handle bit-vector datatype (HO)

(/usr/local/texlive/2020/texmf-dist/tex/generic/bigintcalc/bigintcalc.sty
Package: bigintcalc 2019/12/15 v1.5 Expandable calculations on big integers (HO
)
))
\Fld@menulength=\count196
\Field@Width=\dimen158
\Fld@charsize=\dimen159
Package hyperref Info: Hyper figures OFF on input line 6430.
Package hyperref Info: Link nesting OFF on input line 6435.
Package hyperref Info: Hyper index ON on input line 6438.
Package hyperref Info: backreferencing OFF on input line 6445.
Package hyperref Info: Link coloring OFF on input line 6450.
Package hyperref Info: Link coloring with OCG OFF on input line 6455.
Package hyperref Info: PDF/A mode OFF on input line 6460.
LaTeX Info: Redefining \ref on input line 6500.
LaTeX Info: Redefining \pageref on input line 6504.

(/usr/local/texlive/2020/texmf-dist/tex/generic/atbegshi/atbegshi.sty
Package: atbegshi 2019/12/05 v1.19 At begin shipout hook (HO)
)
\Hy@abspage=\count197
\c@Item=\count198
\c@Hfootnote=\count199
)
Package hyperref Info: Driver (autodetected): hpdftex.

(/usr/local/texlive/2020/texmf-dist/tex/latex/hyperref/hpdftex.def
File: hpdftex.def 2020/01/14 v7.00d Hyperref driver for pdfTeX

(/usr/local/texlive/2020/texmf-dist/tex/latex/atveryend/atveryend.sty
Package: atveryend 2019-12-11 v1.11 Hooks at the very end of document (HO)
Package atveryend Info: \enddocument detected (standard20110627).
)
\Fld@listcount=\count266
\c@bookmark@seq@number=\count267

(/usr/local/texlive/2020/texmf-dist/tex/latex/rerunfilecheck/rerunfilecheck.sty
Package: rerunfilecheck 2019/12/05 v1.9 Rerun checks for auxiliary files (HO)

(/usr/local/texlive/2020/texmf-dist/tex/generic/uniquecounter/uniquecounter.sty
Package: uniquecounter 2019/12/15 v1.4 Provide unlimited unique counter (HO)
)
Package uniquecounter Info: New unique counter `rerunfilecheck' on input line 2
86.
)
\Hy@SectionHShift=\skip53
) (/usr/local/texlive/2020/texmf-dist/tex/latex/doi/doi.sty
Package: doi 2018/09/09 handle doi numbers
)
(/usr/local/texlive/2020/texmf-dist/tex/latex/framed/framed.sty
Package: framed 2011/10/22 v 0.96: framed or shaded text with page breaks
\OuterFrameSep=\skip54
\fb@frw=\dimen160
\fb@frh=\dimen161
\FrameRule=\dimen162
\FrameSep=\dimen163
)
(/usr/local/texlive/2020/texmf-dist/tex/latex/algorithms/algorithmic.sty
Package: algorithmic 2009/08/24 v0.1 Document Style `algorithmic'

(/usr/local/texlive/2020/texmf-dist/tex/latex/base/ifthen.sty
Package: ifthen 2014/09/29 v1.1c Standard LaTeX ifthen package (DPC)
)
\c@ALC@unique=\count268
\c@ALC@line=\count269
\c@ALC@rem=\count270
\c@ALC@depth=\count271
\ALC@tlm=\skip55
\algorithmicindent=\skip56
)
(/usr/local/texlive/2020/texmf-dist/tex/latex/amsfonts/amssymb.sty
Package: amssymb 2013/01/14 v3.01 AMS font symbols

(/usr/local/texlive/2020/texmf-dist/tex/latex/amsfonts/amsfonts.sty
Package: amsfonts 2013/01/14 v3.01 Basic AMSFonts support
\@emptytoks=\toks20
\symAMSa=\mathgroup4
\symAMSb=\mathgroup5
LaTeX Font Info:    Redeclaring math symbol \hbar on input line 98.
LaTeX Font Info:    Overwriting math alphabet `\mathfrak' in version `bold'
(Font)                  U/euf/m/n --> U/euf/b/n on input line 106.
))
(/usr/local/texlive/2020/texmf-dist/tex/latex/graphics/color.sty
Package: color 2019/11/23 v1.2a Standard LaTeX Color (DPC)

(/usr/local/texlive/2020/texmf-dist/tex/latex/graphics-cfg/color.cfg
File: color.cfg 2016/01/02 v1.6 sample color configuration
)
Package color Info: Driver file: pdftex.def on input line 147.
)
(/usr/local/texlive/2020/texmf-dist/tex/latex/multirow/multirow.sty
Package: multirow 2019/05/31 v2.5 Span multiple rows of a table
\multirow@colwidth=\skip57
\multirow@cntb=\count272
\multirow@dima=\skip58
\bigstrutjot=\dimen164
)
Package hyperref Info: Option `colorlinks' set `true' on input line 78.

(/usr/local/texlive/2020/texmf-dist/tex/latex/lipsum/lipsum.sty
(/usr/local/texlive/2020/texmf-dist/tex/latex/l3kernel/expl3.sty
Package: expl3 2020-03-06 L3 programming layer (loader) 

(/usr/local/texlive/2020/texmf-dist/tex/latex/l3backend/l3backend-pdfmode.def
File: l3backend-pdfmode.def 2020-03-12 L3 backend support: PDF mode
\l__kernel_color_stack_int=\count273
\l__pdf_internal_box=\box52
)) (/usr/local/texlive/2020/texmf-dist/tex/latex/l3packages/xparse/xparse.sty
Package: xparse 2020-03-06 L3 Experimental document command parser
\l__xparse_current_arg_int=\count274
\g__xparse_grabber_int=\count275
\l__xparse_m_args_int=\count276
\l__xparse_v_nesting_int=\count277
)
Package: lipsum 2019/01/02 v2.2 150 paragraphs of Lorem Ipsum dummy text

(/usr/local/texlive/2020/texmf-dist/tex/latex/lipsum/lipsum.ltd.tex
File: lipsum.ltd.tex 2019/01/02 v2.2 The Lorem ipsum dummy text
))
(/usr/local/texlive/2020/texmf-dist/tex/latex/subfig/subfig.sty
Package: subfig 2005/06/28 ver: 1.3 subfig package

(/usr/local/texlive/2020/texmf-dist/tex/latex/caption/caption.sty
Package: caption 2020/01/03 v3.4h Customizing captions (AR)

(/usr/local/texlive/2020/texmf-dist/tex/latex/caption/caption3.sty
Package: caption3 2020/01/03 v1.8h caption3 kernel (AR)
Package caption3 Info: TeX engine: e-TeX on input line 61.
\captionmargin=\dimen165
\captionmargin@=\dimen166
\captionwidth=\dimen167
\caption@tempdima=\dimen168
\caption@indent=\dimen169
\caption@parindent=\dimen170
\caption@hangindent=\dimen171
Package caption Info: elsarticle document class detected.
)
\c@caption@flags=\count278
\c@continuedfloat=\count279
Package caption Info: hyperref package is loaded.
)
\c@KVtest=\count280
\sf@farskip=\skip59
\sf@captopadj=\dimen172
\sf@capskip=\skip60
\sf@nearskip=\skip61
\c@subfigure=\count281
\c@subfigure@save=\count282
\c@lofdepth=\count283
\c@subtable=\count284
\c@subtable@save=\count285
\c@lotdepth=\count286
\sf@top=\skip62
\sf@bottom=\skip63
))
(../../rBed_00/_latex_bib/_preambles/preamble_thisarticle.tex
(/usr/local/texlive/2020/texmf-dist/tex/latex/xcolor/xcolor.sty
Package: xcolor 2016/05/11 v2.12 LaTeX color extensions (UK)

(/usr/local/texlive/2020/texmf-dist/tex/latex/graphics-cfg/color.cfg
File: color.cfg 2016/01/02 v1.6 sample color configuration
)
Package xcolor Info: Package option `usenames' ignored on input line 216.
Package xcolor Info: Driver file: pdftex.def on input line 225.
LaTeX Info: Redefining \color on input line 709.
Package xcolor Info: Model `cmy' substituted by `cmy0' on input line 1348.
Package xcolor Info: Model `hsb' substituted by `rgb' on input line 1352.
Package xcolor Info: Model `RGB' extended on input line 1364.
Package xcolor Info: Model `HTML' substituted by `rgb' on input line 1366.
Package xcolor Info: Model `Hsb' substituted by `hsb' on input line 1367.
Package xcolor Info: Model `tHsb' substituted by `hsb' on input line 1368.
Package xcolor Info: Model `HSB' substituted by `hsb' on input line 1369.
Package xcolor Info: Model `Gray' substituted by `gray' on input line 1370.
Package xcolor Info: Model `wave' substituted by `hsb' on input line 1371.

(/usr/local/texlive/2020/texmf-dist/tex/latex/graphics/dvipsnam.def
File: dvipsnam.def 2016/06/17 v3.0m Driver-dependent file (DPC,SPQR)
))
(/usr/local/texlive/2020/texmf-dist/tex/latex/base/inputenc.sty
Package: inputenc 2018/08/11 v1.3c Input encoding file
\inpenc@prehook=\toks21
\inpenc@posthook=\toks22
)
(/usr/local/texlive/2020/texmf-dist/tex/latex/mathtools/mathtools.sty
Package: mathtools 2020/03/24 v1.24 mathematical typesetting tools

(/usr/local/texlive/2020/texmf-dist/tex/latex/tools/calc.sty
Package: calc 2017/05/25 v4.3 Infix arithmetic (KKT,FJ)
\calc@Acount=\count287
\calc@Bcount=\count288
\calc@Adimen=\dimen173
\calc@Bdimen=\dimen174
\calc@Askip=\skip64
\calc@Bskip=\skip65
LaTeX Info: Redefining \setlength on input line 80.
LaTeX Info: Redefining \addtolength on input line 81.
\calc@Ccount=\count289
\calc@Cskip=\skip66
)
(/usr/local/texlive/2020/texmf-dist/tex/latex/mathtools/mhsetup.sty
Package: mhsetup 2017/03/31 v1.3 programming setup (MH)
)
(/usr/local/texlive/2020/texmf-dist/tex/latex/amsmath/amsmath.sty
Package: amsmath 2020/01/20 v2.17e AMS math features
\@mathmargin=\skip67

For additional information on amsmath, use the `?' option.
(/usr/local/texlive/2020/texmf-dist/tex/latex/amsmath/amstext.sty
Package: amstext 2000/06/29 v2.01 AMS text

(/usr/local/texlive/2020/texmf-dist/tex/latex/amsmath/amsgen.sty
File: amsgen.sty 1999/11/30 v2.0 generic functions
\@emptytoks=\toks23
\ex@=\dimen175
))
(/usr/local/texlive/2020/texmf-dist/tex/latex/amsmath/amsbsy.sty
Package: amsbsy 1999/11/29 v1.2d Bold Symbols
\pmbraise@=\dimen176
)
(/usr/local/texlive/2020/texmf-dist/tex/latex/amsmath/amsopn.sty
Package: amsopn 2016/03/08 v2.02 operator names
)
\inf@bad=\count290
LaTeX Info: Redefining \frac on input line 227.
\uproot@=\count291
\leftroot@=\count292
LaTeX Info: Redefining \overline on input line 389.
\classnum@=\count293
\DOTSCASE@=\count294
LaTeX Info: Redefining \ldots on input line 486.
LaTeX Info: Redefining \dots on input line 489.
LaTeX Info: Redefining \cdots on input line 610.
\Mathstrutbox@=\box53
\strutbox@=\box54
\big@size=\dimen177
LaTeX Font Info:    Redeclaring font encoding OML on input line 733.
LaTeX Font Info:    Redeclaring font encoding OMS on input line 734.
\macc@depth=\count295
\c@MaxMatrixCols=\count296
\dotsspace@=\muskip17
\c@parentequation=\count297
\dspbrk@lvl=\count298
\tag@help=\toks24
\row@=\count299
\column@=\count300
\maxfields@=\count301
\andhelp@=\toks25
\eqnshift@=\dimen178
\alignsep@=\dimen179
\tagshift@=\dimen180
\tagwidth@=\dimen181
\totwidth@=\dimen182
\lineht@=\dimen183
\@envbody=\toks26
\multlinegap=\skip68
\multlinetaggap=\skip69
\mathdisplay@stack=\toks27
LaTeX Info: Redefining \[ on input line 2859.
LaTeX Info: Redefining \] on input line 2860.
)
LaTeX Info: Thecontrolsequence`\('isalreadyrobust on input line 130.
LaTeX Info: Thecontrolsequence`\)'isalreadyrobust on input line 130.
LaTeX Info: Thecontrolsequence`\['isalreadyrobust on input line 130.
LaTeX Info: Thecontrolsequence`\]'isalreadyrobust on input line 130.
\g_MT_multlinerow_int=\count302
\l_MT_multwidth_dim=\dimen184
\origjot=\skip70
\l_MT_shortvdotswithinadjustabove_dim=\dimen185
\l_MT_shortvdotswithinadjustbelow_dim=\dimen186
\l_MT_above_intertext_sep=\dimen187
\l_MT_below_intertext_sep=\dimen188
\l_MT_above_shortintertext_sep=\dimen189
\l_MT_below_shortintertext_sep=\dimen190
\xmathstrut@box=\box55
\xmathstrut@dim=\dimen191
)
(/usr/local/texlive/2020/texmf-dist/tex/latex/psnfss/pifont.sty
Package: pifont 2005/04/12 PSNFSS-v9.2a Pi font support (SPQR) 
LaTeX Font Info:    Trying to load font information for U+pzd on input line 63.


(/usr/local/texlive/2020/texmf-dist/tex/latex/psnfss/upzd.fd
File: upzd.fd 2001/06/04 font definitions for U/pzd.
)
LaTeX Font Info:    Trying to load font information for U+psy on input line 64.


(/usr/local/texlive/2020/texmf-dist/tex/latex/psnfss/upsy.fd
File: upsy.fd 2001/06/04 font definitions for U/psy.
))
(/usr/local/texlive/2020/texmf-dist/tex/latex/booktabs/booktabs.sty
Package: booktabs 2020/01/12 v1.61803398 Publication quality tables
\heavyrulewidth=\dimen192
\lightrulewidth=\dimen193
\cmidrulewidth=\dimen194
\belowrulesep=\dimen195
\belowbottomsep=\dimen196
\aboverulesep=\dimen197
\abovetopsep=\dimen198
\cmidrulesep=\dimen199
\cmidrulekern=\dimen256
\defaultaddspace=\dimen257
\@cmidla=\count303
\@cmidlb=\count304
\@aboverulesep=\dimen258
\@belowrulesep=\dimen259
\@thisruleclass=\count305
\@lastruleclass=\count306
\@thisrulewidth=\dimen260
)
(/usr/local/texlive/2020/texmf-dist/tex/latex/fancyvrb/fancyvrb.sty
Package: fancyvrb 2020/01/13 v3.5 verbatim text (tvz,hv)
\FV@CodeLineNo=\count307
\FV@InFile=\read2
\FV@TabBox=\box56
\c@FancyVerbLine=\count308
\FV@StepNumber=\count309
\FV@OutFile=\write4
))
(./main_bgmc.aux)
\openout1 = `main_bgmc.aux'.

LaTeX Font Info:    Checking defaults for OML/cmm/m/it on input line 7.
LaTeX Font Info:    ... okay on input line 7.
LaTeX Font Info:    Checking defaults for OMS/cmsy/m/n on input line 7.
LaTeX Font Info:    ... okay on input line 7.
LaTeX Font Info:    Checking defaults for OT1/cmr/m/n on input line 7.
LaTeX Font Info:    ... okay on input line 7.
LaTeX Font Info:    Checking defaults for T1/cmr/m/n on input line 7.
LaTeX Font Info:    ... okay on input line 7.
LaTeX Font Info:    Checking defaults for TS1/cmr/m/n on input line 7.
LaTeX Font Info:    ... okay on input line 7.
LaTeX Font Info:    Checking defaults for OMX/cmex/m/n on input line 7.
LaTeX Font Info:    ... okay on input line 7.
LaTeX Font Info:    Checking defaults for U/cmr/m/n on input line 7.
LaTeX Font Info:    ... okay on input line 7.
LaTeX Font Info:    Checking defaults for PD1/pdf/m/n on input line 7.
LaTeX Font Info:    ... okay on input line 7.

(/usr/local/texlive/2020/texmf-dist/tex/context/base/mkii/supp-pdf.mkii
[Loading MPS to PDF converter (version 2006.09.02).]
\scratchcounter=\count310
\scratchdimen=\dimen261
\scratchbox=\box57
\nofMPsegments=\count311
\nofMParguments=\count312
\everyMPshowfont=\toks28
\MPscratchCnt=\count313
\MPscratchDim=\dimen262
\MPnumerator=\count314
\makeMPintoPDFobject=\count315
\everyMPtoPDFconversion=\toks29
) (/usr/local/texlive/2020/texmf-dist/tex/latex/epstopdf-pkg/epstopdf-base.sty
Package: epstopdf-base 2020-01-24 v2.11 Base part for package epstopdf
Package epstopdf-base Info: Redefining graphics rule for `.eps' on input line 4
85.

(/usr/local/texlive/2020/texmf-dist/tex/latex/latexconfig/epstopdf-sys.cfg
File: epstopdf-sys.cfg 2010/07/13 v1.3 Configuration of (r)epstopdf for TeX Liv
e
))
*geometry* driver: auto-detecting
*geometry* detected driver: pdftex
*geometry* verbose mode - [ preamble ] result:
* driver: pdftex
* paper: custom
* layout: <same size as paper>
* layoutoffset:(h,v)=(0.0pt,0.0pt)
* hratio: 1:1
* vratio: 1:1
* modes: 
* h-part:(L,W,R)=(37.75394pt, 522.0pt, 37.75394pt)
* v-part:(T,H,B)=(81.52342pt, 682.0pt, 81.52342pt)
* \paperwidth=597.50787pt
* \paperheight=845.04684pt
* \textwidth=522.0pt
* \textheight=682.0pt
* \oddsidemargin=-34.51605pt
* \evensidemargin=-34.51605pt
* \topmargin=-52.74657pt
* \headheight=50.0pt
* \headsep=12.0pt
* \topskip=10.0pt
* \footskip=18.0pt
* \marginparwidth=4.0pt
* \marginparsep=10.0pt
* \columnsep=18.0pt
* \skip\footins=24.0pt plus 2.0pt minus 12.0pt
* \hoffset=0.0pt
* \voffset=0.0pt
* \mag=1000
* \@twocolumntrue
* \@twosidefalse
* \@mparswitchfalse
* \@reversemarginfalse
* (1in=72.27pt=25.4mm, 1cm=28.453pt)

\AtBeginShipoutBox=\box58
Package hyperref Info: Link coloring ON on input line 7.
(/usr/local/texlive/2020/texmf-dist/tex/latex/hyperref/nameref.sty
Package: nameref 2019/09/16 v2.46 Cross-referencing by name of section

(/usr/local/texlive/2020/texmf-dist/tex/latex/refcount/refcount.sty
Package: refcount 2019/12/15 v3.6 Data extraction from label references (HO)
)
(/usr/local/texlive/2020/texmf-dist/tex/generic/gettitlestring/gettitlestring.s
ty
Package: gettitlestring 2019/12/15 v1.6 Cleanup title references (HO)
)
\c@section@level=\count316
)
LaTeX Info: Redefining \ref on input line 7.
LaTeX Info: Redefining \pageref on input line 7.
LaTeX Info: Redefining \nameref on input line 7.
 (./main_bgmc.out) (./main_bgmc.out)
\@outlinefile=\write5
\openout5 = `main_bgmc.out'.

Package caption Info: Begin \AtBeginDocument code.
Package caption Info: subfig package v1.3 is loaded.
Package caption Info: End \AtBeginDocument code.
 (./section_bgmc_frontmatter.tex
LaTeX Font Info:    Trying to load font information for U+msa on input line 38.


(/usr/local/texlive/2020/texmf-dist/tex/latex/amsfonts/umsa.fd
File: umsa.fd 2013/01/14 v3.01 AMS symbols A
)
LaTeX Font Info:    Trying to load font information for U+msb on input line 38.


(/usr/local/texlive/2020/texmf-dist/tex/latex/amsfonts/umsb.fd
File: umsb.fd 2013/01/14 v3.01 AMS symbols B
))
(./section_bgmc_introduction.tex) (./section_bgmc_316.tex
(./_Figures/fg_bgmc_movieLib_data_.tex
<_Figures/fg_bgmc_movieLib_data_abc.pdf, id=60, 1203.49625pt x 687.56876pt>
File: _Figures/fg_bgmc_movieLib_data_abc.pdf Graphic file (type pdf)
<use _Figures/fg_bgmc_movieLib_data_abc.pdf>
Package pdftex.def Info: _Figures/fg_bgmc_movieLib_data_abc.pdf  used on input 
line 29.
(pdftex.def)             Requested size: 522.0pt x 298.22969pt.
)
Underfull \hbox (badness 10000) has occurred while \output is active
  []  
 []

[1{/usr/local/texlive/2020/texmf-var/fonts/map/pdftex/updmap/pdftex.map}


]
(./_Figures/fg_bgmc_movieLib_runtime_.tex
<_Figures/fg_bgmc_movieLib_runtime_abcd.pdf, id=97, 1276.77pt x 702.625pt>
File: _Figures/fg_bgmc_movieLib_runtime_abcd.pdf Graphic file (type pdf)
<use _Figures/fg_bgmc_movieLib_runtime_abcd.pdf>
Package pdftex.def Info: _Figures/fg_bgmc_movieLib_runtime_abcd.pdf  used on in
put line 38.
(pdftex.def)             Requested size: 522.0pt x 287.2633pt.
) [2 <./_Figures/fg_bgmc_movieLib_data_abc.pdf>]
Underfull \hbox (badness 10000) in paragraph at lines 99--113
\OT1/cmr/m/n/10 de-picts \OT1/cmtt/m/n/10 runtime[]total \OT1/cmr/m/n/10 of \OT
1/cmtt/m/n/10 PackFlix \OT1/cmr/m/n/10 with
 []


Underfull \hbox (badness 1097) in paragraph at lines 99--113
\OT1/cmtt/m/n/10 Java[]chainHash\OT1/cmr/m/n/10 , \OT1/cmtt/m/n/10 R[]dataFrame
\OT1/cmr/m/n/10 , and \OT1/cmtt/m/n/10 R[]dataTable\OT1/cmr/m/n/10 .
 []


Underfull \hbox (badness 1097) in paragraph at lines 114--129
\OT1/cmtt/m/n/10 Java[]chainHash\OT1/cmr/m/n/10 , \OT1/cmtt/m/n/10 R[]dataFrame
\OT1/cmr/m/n/10 , and \OT1/cmtt/m/n/10 R[]dataTable\OT1/cmr/m/n/10 .
 []


Underfull \hbox (badness 1097) in paragraph at lines 130--147
\OT1/cmtt/m/n/10 Java[]chainHash\OT1/cmr/m/n/10 , \OT1/cmtt/m/n/10 R[]dataFrame
\OT1/cmr/m/n/10 , and \OT1/cmtt/m/n/10 R[]dataTable\OT1/cmr/m/n/10 .
 []


Underfull \hbox (badness 1968) in paragraph at lines 130--147
\OT1/cmr/m/it/10 top 10 most fre-quently watched movies\OT1/cmr/m/n/10 . How-
 []


Underfull \hbox (badness 7522) in paragraph at lines 130--147
\OT1/cmr/m/n/10 ever, there are sig-nif-i-cant dif-fer-ences in the
 []


Underfull \hbox (badness 1205) in paragraph at lines 130--147
\OT1/cmr/m/n/10 ti-tles. Again, \OT1/cmtt/m/n/10 R[]dataTable \OT1/cmr/m/n/10 s
ig-nif-i-cantly out-per-
 []


Underfull \hbox (badness 1552) in paragraph at lines 130--147
\OT1/cmr/m/n/10 sig-nif-i-cantly out-per-forms \OT1/cmtt/m/n/10 R[]dataFrame\OT
1/cmr/m/n/10 . An-other
 []


Underfull \hbox (badness 6047) in paragraph at lines 130--147
\OT1/cmr/m/n/10 ques-tion for de-vel-op-ers of R: why does the
 []

[3 <./_Figures/fg_bgmc_movieLib_runtime_abcd.pdf>]
(./_Figures/fg_bgmc_movieLib_best10_.tex
<_Figures/fg_bgmc_movieLib_best10.pdf, id=143, 505.89pt x 252.945pt>
File: _Figures/fg_bgmc_movieLib_best10.pdf Graphic file (type pdf)
<use _Figures/fg_bgmc_movieLib_best10.pdf>
Package pdftex.def Info: _Figures/fg_bgmc_movieLib_best10.pdf  used on input li
ne 8.
(pdftex.def)             Requested size: 250.55777pt x 125.27956pt.
<_Figures/fg_bgmc_movieLib_best10_occurrence.pdf, id=144, 505.89pt x 252.945pt>

File: _Figures/fg_bgmc_movieLib_best10_occurrence.pdf Graphic file (type pdf)
<use _Figures/fg_bgmc_movieLib_best10_occurrence.pdf>
Package pdftex.def Info: _Figures/fg_bgmc_movieLib_best10_occurrence.pdf  used 
on input line 10.
(pdftex.def)             Requested size: 250.55777pt x 125.27956pt.
)) (./section_bgmc_matching.tex
(./_Tables/tb_bgmc_data_.tex) (./_Figures/fg_bgmc_matching_cover_.tex
<_Figures/fg_bgmc_matching_cover.pdf, id=161, 974.64125pt x 359.3425pt>
File: _Figures/fg_bgmc_matching_cover.pdf Graphic file (type pdf)
<use _Figures/fg_bgmc_matching_cover.pdf>
Package pdftex.def Info: _Figures/fg_bgmc_matching_cover.pdf  used on input lin
e 4.
(pdftex.def)             Requested size: 522.0pt x 192.45743pt.
)
(./_Figures/fg_bgmc_matching_experiment_.tex
<_Figures/fg_bgmc_matching_experiment.pdf, id=166, 1529.715pt x 548.0475pt>
File: _Figures/fg_bgmc_matching_experiment.pdf Graphic file (type pdf)
<use _Figures/fg_bgmc_matching_experiment.pdf>
Package pdftex.def Info: _Figures/fg_bgmc_matching_experiment.pdf  used on inpu
t line 4.
(pdftex.def)             Requested size: 522.0pt x 187.01105pt.


LaTeX Warning: `!h' float specifier changed to `!ht'.

) [4 <./_Figures/fg_bgmc_movieLib_best10.pdf> <./_Figures/fg_bgmc_movieLib_best
10_occurrence.pdf>]
Underfull \vbox (badness 10000) has occurred while \output is active []


Underfull \vbox (badness 10000) has occurred while \output is active []

 [5]
Underfull \vbox (badness 1783) has occurred while \output is active []


Underfull \hbox (badness 6348) in paragraph at lines 180--188
\OT1/cmr/m/n/10 Java is sig-nif-i-cantly out-per-formed by \OT1/cmss/m/n/10 R\O
T1/cmr/m/n/10 . For
 []


Underfull \hbox (badness 1596) in paragraph at lines 180--188
\OT1/cmr/m/n/10 the largest in-stance steiner3[]729[]88452.cnfU (729
 []

[6 <./_Figures/fg_bgmc_matching_cover.pdf> <./_Figures/fg_bgmc_matching_experim
ent.pdf>]) (./section_bgmc_cover.tex
(./_Figures/fg_bgmc_unate_greedy_chvatal_iso_school_5_5_.tex
<_Figures/fg_bgmc_unate_greedy_chvatal_iso_school_5_5.pdf, id=247, 412.54124pt 
x 628.3475pt>
File: _Figures/fg_bgmc_unate_greedy_chvatal_iso_school_5_5.pdf Graphic file (ty
pe pdf)
<use _Figures/fg_bgmc_unate_greedy_chvatal_iso_school_5_5.pdf>
Package pdftex.def Info: _Figures/fg_bgmc_unate_greedy_chvatal_iso_school_5_5.p
df  used on input line 4.
(pdftex.def)             Requested size: 234.8984pt x 357.77827pt.
LaTeX Font Info:    Trying to load font information for OMS+cmr on input line 2
6.

(/usr/local/texlive/2020/texmf-dist/tex/latex/base/omscmr.fd
File: omscmr.fd 2019/12/16 v2.5j Standard LaTeX font definitions
)
LaTeX Font Info:    Font shape `OMS/cmr/m/n' in size <8> not available
(Font)              Font shape `OMS/cmsy/m/n' tried instead on input line 26.
)
LaTeX Font Info:    Font shape `OMS/cmr/m/n' in size <9> not available
(Font)              Font shape `OMS/cmsy/m/n' tried instead on input line 139.
 [7 <./_Figures/fg_bgmc_unate_greedy_chvatal_iso_school_5_5.pdf>]

LaTeX Warning: Reference `tb_bgmc_unate_greedy_chvatal_school_5_5_iso' on page 
8 undefined on input line 241.

(./_Tables/tb_bgmc_unate_greedy_chvatal_school_5_5_iso_.tex)

LaTeX Warning: Reference `tb_bgmc_unate_greedy_chvatal_school_5_5_iso' on page 
8 undefined on input line 251.

LaTeX Font Info:    Font shape `OMS/cmr/m/n' in size <10> not available
(Font)              Font shape `OMS/cmsy/m/n' tried instead on input line 253.
(./_Figures/fg_bgmc_unate_greedy_chvatal_UB_.tex
<_Figures/fg_bgmc_unate_greedy_chvatal_UB.pdf, id=296, 408.52625pt x 513.92pt>
File: _Figures/fg_bgmc_unate_greedy_chvatal_UB.pdf Graphic file (type pdf)
<use _Figures/fg_bgmc_unate_greedy_chvatal_UB.pdf>
Package pdftex.def Info: _Figures/fg_bgmc_unate_greedy_chvatal_UB.pdf  used on 
input line 4.
(pdftex.def)             Requested size: 234.8984pt x 295.5017pt.
)
(./_Figures/fg_bgmc_unate_greedy_chvatal_stoc_.tex)
Underfull \hbox (badness 1259) in paragraph at lines 317--328
\OT1/cmr/m/n/10 The sim-pli-fied stochas-tic greedy al-go-rithm, re-plac-ing
 []


LaTeX Warning: Reference `tb_bgmc_unate_greedy_chvatal_school_5_5_iso' on page 
8 undefined on input line 343.

[8 <./_Figures/fg_bgmc_unate_greedy_chvatal_UB.pdf>]

LaTeX Warning: Text page 9 contains only floats.


Overfull \vbox (21.20293pt too high) has occurred while \output is active []



LaTeX Warning: Text page 9 contains only floats.


Overfull \vbox (21.20293pt too high) has occurred while \output is active []


Overfull \vbox (7.20294pt too high) has occurred while \output is active []


[9] (./_Figures/fg_bgmc_unate_greedy_chvatal_stoc_distr_.tex
<_Figures/fg_bgmc_unate_greedy_chvatal_stoc_distr_school_9_11.pdf, id=331, 1011
.78pt x 252.945pt>
File: _Figures/fg_bgmc_unate_greedy_chvatal_stoc_distr_school_9_11.pdf Graphic 
file (type pdf)
<use _Figures/fg_bgmc_unate_greedy_chvatal_stoc_distr_school_9_11.pdf>
Package pdftex.def Info: _Figures/fg_bgmc_unate_greedy_chvatal_stoc_distr_schoo
l_9_11.pdf  used on input line 6.
(pdftex.def)             Requested size: 469.79681pt x 117.45224pt.
<_Figures/fg_bgmc_unate_greedy_chvatal_stoc_distr_ab.pdf, id=332, 1011.78pt x 2
52.945pt>
File: _Figures/fg_bgmc_unate_greedy_chvatal_stoc_distr_ab.pdf Graphic file (typ
e pdf)
<use _Figures/fg_bgmc_unate_greedy_chvatal_stoc_distr_ab.pdf>
Package pdftex.def Info: _Figures/fg_bgmc_unate_greedy_chvatal_stoc_distr_ab.pd
f  used on input line 9.
(pdftex.def)             Requested size: 469.79681pt x 117.45224pt.
<_Figures/fg_bgmc_unate_greedy_chvatal_stoc_distr_cd.pdf, id=333, 1011.78pt x 2
52.945pt>
File: _Figures/fg_bgmc_unate_greedy_chvatal_stoc_distr_cd.pdf Graphic file (typ
e pdf)
<use _Figures/fg_bgmc_unate_greedy_chvatal_stoc_distr_cd.pdf>
Package pdftex.def Info: _Figures/fg_bgmc_unate_greedy_chvatal_stoc_distr_cd.pd
f  used on input line 12.
(pdftex.def)             Requested size: 469.79681pt x 117.45224pt.
)

LaTeX Warning: Reference `tb_bgmc_unate_greedy_chvatal_school_5_5_iso' on page 
10 undefined on input line 407.


Underfull \hbox (badness 2435) in paragraph at lines 409--418
\OT1/cmr/m/n/10 of size 1,000: weight-specific \OT1/cmtt/m/n/10 school[]9[]16.c
nfW
 []


Underfull \hbox (badness 3514) in paragraph at lines 409--418
\OT1/cmr/m/n/10 and weight-specific \OT1/cmtt/m/n/10 school[]19[]20.cnfW\OT1/cm
r/m/n/10 . For the
 []


Underfull \hbox (badness 1132) in paragraph at lines 409--418
\OT1/cmr/m/n/10 tinct ra-tios in the range \OMS/cmsy/m/n/10 f\OT1/cmr/m/n/10 1.
0, 1.15\OMS/cmsy/m/n/10 g\OT1/cmr/m/n/10 . For the
 []

(./_Tables/tb_bgmc_school_19_20_.tex

LaTeX Warning: `!h' float specifier changed to `!ht'.

)
Underfull \hbox (badness 7238) in paragraph at lines 502--509
\OT1/cmr/m/n/10 by the solver \OT1/cmtt/m/n/10 unate[]greedy[]chvatal[]stoc\OT1
/cmr/m/n/10 .
 []


Underfull \hbox (badness 10000) in paragraph at lines 502--509
\OT1/cmr/m/n/10 The har-monic num-ber is de-ter-mined by
 []


Underfull \hbox (badness 10000) in paragraph at lines 502--509
\OT1/cmtt/m/n/10 max(column[]degrees) \OT1/cmr/m/n/10 only. The ra-tio
 []


Underfull \hbox (badness 7649) in paragraph at lines 502--509
\OT1/cmtt/m/n/10 harmonic[]number/worst[]ratio) \OT1/cmr/m/n/10 varies from
 []

(./_Tables/tb_bgmc_data_BRKGA_.tex

LaTeX Warning: `!h' float specifier changed to `!ht'.

) [10]
Underfull \vbox (badness 10000) has occurred while \output is active []

 [11 <./_Figures/fg_bgmc_unate_greedy_chvatal_stoc_distr_school_9_11.pdf> <./_F
igures/fg_bgmc_unate_greedy_chvatal_stoc_distr_ab.pdf> <./_Figures/fg_bgmc_unat
e_greedy_chvatal_stoc_distr_cd.pdf>]) (./section_bgmc_summary.tex [12]) (./main
_bgmc.bbl
Underfull \hbox (badness 10000) in paragraph at lines 29--32
[][]$\OT1/cmtt/m/n/8 https : / / www . engineeringonline . ncsu . edu / course 
/
 []


Underfull \hbox (badness 2005) in paragraph at lines 83--85
[]\OT1/cmr/m/n/8 J. E. Beasley, OR-Library, [][]$\OT1/cmtt/m/n/8 http : / / peo
ple . brunel . ac . uk /
 []


Underfull \hbox (badness 1701) in paragraph at lines 129--133
[]\OT1/cmr/m/n/8 J E. Har-low III and F. Br-glez, De-sign of Ex-per-i-ments
 []


Underfull \vbox (badness 10000) has occurred while \output is active []

 [13])
Package atveryend Info: Empty hook `BeforeClearDocument' on input line 27.

[14

]
Package atveryend Info: Empty hook `AfterLastShipout' on input line 27.
 (./main_bgmc.aux)
Package atveryend Info: Executing hook `AtVeryEndDocument' on input line 27.
Package atveryend Info: Executing hook `AtEndAfterFileList' on input line 27.
Package rerunfilecheck Info: File `main_bgmc.out' has not changed.
(rerunfilecheck)             Checksum: A9CD0BAF4F40F054E03797FB18B68680;894.


LaTeX Warning: There were undefined references.

Package atveryend Info: Empty hook `AtVeryVeryEnd' on input line 27.
 ) 
Here is how much of TeX's memory you used:
 11646 strings out of 480608
 190454 string characters out of 5903631
 592781 words of memory out of 5000000
 27142 multiletter control sequences out of 15000+600000
 544762 words of font info for 70 fonts, out of 8000000 for 9000
 1141 hyphenation exceptions out of 8191
 53i,16n,53p,1553b,607s stack positions out of 5000i,500n,10000p,200000b,80000s
{/usr/local/texlive/2020/texmf-dist/fonts/enc/dvips/cm-super/cm-super-ts1.enc
}</usr/local/texlive/2020/texmf-dist/fonts/type1/public/amsfonts/cm/cmbx10.pfb>
</usr/local/texlive/2020/texmf-dist/fonts/type1/public/amsfonts/cm/cmbx12.pfb><
/usr/local/texlive/2020/texmf-dist/fonts/type1/public/amsfonts/cm/cmbx9.pfb></u
sr/local/texlive/2020/texmf-dist/fonts/type1/public/amsfonts/cm/cmex10.pfb></us
r/local/texlive/2020/texmf-dist/fonts/type1/public/amsfonts/cm/cmitt10.pfb></us
r/local/texlive/2020/texmf-dist/fonts/type1/public/amsfonts/cm/cmmi10.pfb></usr
/local/texlive/2020/texmf-dist/fonts/type1/public/amsfonts/cm/cmmi6.pfb></usr/l
ocal/texlive/2020/texmf-dist/fonts/type1/public/amsfonts/cm/cmmi8.pfb></usr/loc
al/texlive/2020/texmf-dist/fonts/type1/public/amsfonts/cm/cmr10.pfb></usr/local
/texlive/2020/texmf-dist/fonts/type1/public/amsfonts/cm/cmr12.pfb></usr/local/t
exlive/2020/texmf-dist/fonts/type1/public/amsfonts/cm/cmr5.pfb></usr/local/texl
ive/2020/texmf-dist/fonts/type1/public/amsfonts/cm/cmr6.pfb></usr/local/texlive
/2020/texmf-dist/fonts/type1/public/amsfonts/cm/cmr7.pfb></usr/local/texlive/20
20/texmf-dist/fonts/type1/public/amsfonts/cm/cmr8.pfb></usr/local/texlive/2020/
texmf-dist/fonts/type1/public/amsfonts/cm/cmr9.pfb></usr/local/texlive/2020/tex
mf-dist/fonts/type1/public/amsfonts/cm/cmss10.pfb></usr/local/texlive/2020/texm
f-dist/fonts/type1/public/amsfonts/cm/cmss8.pfb></usr/local/texlive/2020/texmf-
dist/fonts/type1/public/amsfonts/cm/cmsy10.pfb></usr/local/texlive/2020/texmf-d
ist/fonts/type1/public/amsfonts/cm/cmsy6.pfb></usr/local/texlive/2020/texmf-dis
t/fonts/type1/public/amsfonts/cm/cmsy7.pfb></usr/local/texlive/2020/texmf-dist/
fonts/type1/public/amsfonts/cm/cmsy8.pfb></usr/local/texlive/2020/texmf-dist/fo
nts/type1/public/amsfonts/cm/cmsy9.pfb></usr/local/texlive/2020/texmf-dist/font
s/type1/public/amsfonts/cm/cmti10.pfb></usr/local/texlive/2020/texmf-dist/fonts
/type1/public/amsfonts/cm/cmti8.pfb></usr/local/texlive/2020/texmf-dist/fonts/t
ype1/public/amsfonts/cm/cmti9.pfb></usr/local/texlive/2020/texmf-dist/fonts/typ
e1/public/amsfonts/cm/cmtt10.pfb></usr/local/texlive/2020/texmf-dist/fonts/type
1/public/amsfonts/cm/cmtt8.pfb></usr/local/texlive/2020/texmf-dist/fonts/type1/
public/cm-super/sfrm0800.pfb></usr/local/texlive/2020/texmf-dist/fonts/type1/pu
blic/cm-super/sfrm1000.pfb>
Output written on main_bgmc.pdf (14 pages, 1949889 bytes).
PDF statistics:
 586 PDF objects out of 1000 (max. 8388607)
 483 compressed objects within 5 object streams
 81 named destinations out of 1000 (max. 500000)
 152 words of extra memory for PDF output out of 10000 (max. 10000000)

